8
&
refseq/entrada00.fa
*
2
5
1;6.989846
2;14.245128
3;12.732651
4;13.776743
5;12.350458
5
1;6.975379
2;14.220483
3;12.843817
4;13.759607
5;12.401891
5
1;6.986292
2;14.212161
3;12.771010
4;13.699464
5;12.389112
5
1;6.975504
2;14.272825
3;12.765334
4;13.781483
5;12.480988
5
1;6.991681
2;14.213378
3;12.737446
4;13.712489
5;12.419341
*
4
5
1;3.593648
2;7.243793
3;6.486033
4;6.944423
5;6.278022
5
1;3.565346
2;7.318837
3;6.506324
4;6.963702
5;6.262625
5
1;3.574275
2;7.282831
3;6.484292
4;6.932259
5;6.281742
5
1;3.612597
2;7.232250
3;6.469401
4;6.928331
5;6.262105
5
1;3.588377
2;7.263485
3;6.476522
4;6.957793
5;6.301813
*
8
5
1;2.915000
2;5.754347
3;5.213732
4;5.522111
5;5.093552
5
1;2.914090
2;5.756197
3;5.209269
4;5.557833
5;5.058466
5
1;2.937015
2;5.731068
3;5.208555
4;5.535716
5;5.056367
5
1;2.937730
2;5.763704
3;5.218645
4;5.554109
5;5.062594
5
1;2.919245
2;5.751330
3;5.222915
4;5.553492
5;5.075684
!
100
1;2.906768
2;5.733623
3;5.195676
4;5.532482
5;5.058546
6;5.169987
7;6.078751
8;5.372321
9;4.383131
10;8.603628
11;3.241648
12;3.597178
13;4.428254
14;3.990673
15;6.810478
16;8.677594
17;7.885396
18;7.003355
19;6.953278
20;6.854466
21;6.289973
22;6.348152
23;6.356692
24;6.325596
25;6.342761
26;5.649466
27;6.447894
28;6.152920
29;5.717550
30;5.889604
31;5.152282
32;4.049061
33;3.904616
34;4.334793
35;4.807357
36;5.797516
37;3.851704
38;4.685608
39;4.408495
40;5.906361
41;4.635511
42;4.801219
43;4.230239
44;5.591649
45;8.266782
46;6.552424
47;3.320655
48;4.832778
49;4.641139
50;4.549112
51;4.370546
52;4.727038
53;5.587149
54;5.151566
55;4.890807
56;5.401766
57;4.614412
58;4.913304
59;4.997991
60;5.311887
61;4.925094
62;5.130098
63;5.013991
64;5.494378
65;5.075870
66;5.274202
67;4.614524
68;5.138941
69;4.306361
70;4.688432
71;5.066887
72;4.659803
73;5.055618
74;5.164095
75;6.241091
76;5.186973
77;5.304262
78;4.483158
79;6.857512
80;4.445585
81;6.000885
82;3.755028
83;3.719213
84;4.825203
85;4.360805
86;4.571777
87;3.927435
88;4.671631
89;4.277321
90;5.578501
91;4.166568
92;5.736754
93;4.323402
94;5.340619
95;8.120041
96;7.915021
97;7.089504
98;7.095069
99;6.817134
100;6.486091
100
1;3.065456
2;5.988353
3;5.449010
4;5.744838
5;5.057254
6;5.184958
7;6.079342
8;5.357684
9;4.380663
10;8.607010
11;3.244920
12;3.598059
13;4.406831
14;3.983548
15;6.802661
16;8.654184
17;7.855872
18;6.991715
19;6.936189
20;6.828413
21;6.297931
22;6.342034
23;6.365734
24;6.326061
25;6.337926
26;5.630817
27;6.448345
28;6.129420
29;5.719221
30;5.893247
31;5.166930
32;4.036586
33;3.878773
34;4.313445
35;4.773073
36;5.776626
37;3.874602
38;4.665843
39;4.436031
40;5.931091
41;4.618492
42;4.689562
43;4.221782
44;5.570128
45;8.241172
46;6.569950
47;3.328492
48;4.793883
49;4.657227
50;4.589702
51;4.380900
52;4.706730
53;5.555684
54;5.131391
55;4.878358
56;5.393226
57;4.615644
58;4.902122
59;4.994656
60;5.289109
61;4.907632
62;5.150771
63;5.033785
64;5.486718
65;5.042782
66;5.282658
67;4.645174
68;5.129940
69;4.323145
70;4.711712
71;5.068194
72;4.629295
73;5.061033
74;5.136406
75;6.216767
76;5.192237
77;5.305821
78;4.494710
79;6.821707
80;4.460775
81;5.992122
82;3.745558
83;3.726275
84;4.820224
85;4.352681
86;4.585853
87;3.911419
88;4.647187
89;4.294814
90;5.561399
91;4.152860
92;5.742519
93;4.332909
94;5.343929
95;8.134645
96;7.905931
97;7.108320
98;7.131410
99;6.839721
100;6.425972
100
1;2.912514
2;5.720349
3;5.224950
4;5.514171
5;5.045334
6;5.196473
7;6.068881
8;5.376947
9;4.392062
10;8.583635
11;3.222017
12;3.606215
13;4.419968
14;3.999555
15;6.789115
16;8.657448
17;7.905940
18;6.967950
19;6.929471
20;6.823934
21;6.297606
22;6.351471
23;6.350072
24;6.320765
25;6.344935
26;5.620848
27;6.455165
28;6.137053
29;5.698683
30;5.890663
31;5.155200
32;4.039049
33;3.876797
34;4.325487
35;4.780746
36;5.808230
37;3.861894
38;4.703030
39;4.439871
40;5.919096
41;4.608549
42;4.688454
43;4.230252
44;5.587249
45;8.256202
46;6.574474
47;3.312936
48;4.782507
49;4.630863
50;4.540333
51;4.360079
52;4.718446
53;5.563917
54;5.144523
55;4.884239
56;5.403586
57;4.607216
58;4.910302
59;4.987637
60;5.296073
61;4.928175
62;5.123775
63;4.997426
64;5.502584
65;5.078302
66;5.276249
67;4.720779
68;5.505493
69;4.318465
70;4.692053
71;5.079274
72;4.674663
73;5.070658
74;5.158624
75;6.222316
76;5.177935
77;5.311690
78;4.473009
79;6.833126
80;4.466987
81;6.012336
82;3.754403
83;3.695786
84;4.825996
85;4.380660
86;4.568300
87;3.905406
88;4.657328
89;4.293712
90;5.554388
91;4.151310
92;5.723016
93;4.366048
94;5.333009
95;8.119956
96;7.885624
97;7.113646
98;7.103407
99;6.823051
100;6.410936
100
1;2.905557
2;5.740478
3;5.180923
4;5.550939
5;5.055044
6;5.168626
7;6.129703
8;5.394375
9;4.396573
10;8.596410
11;3.256921
12;3.638504
13;4.428337
14;3.995418
15;6.837791
16;8.676069
17;7.872064
18;7.011134
19;6.945642
20;6.810338
21;6.311485
22;6.336869
23;6.360273
24;6.310946
25;6.352299
26;5.632582
27;6.464147
28;6.135842
29;5.726826
30;5.919642
31;5.175321
32;4.051608
33;3.894589
34;4.329352
35;4.789345
36;5.807379
37;3.847990
38;4.706396
39;4.444392
40;5.925572
41;4.632764
42;4.689003
43;4.237300
44;5.570226
45;8.228824
46;6.660520
47;3.613836
48;5.200296
49;5.045133
50;4.856213
51;4.355487
52;4.749318
53;5.723540
54;5.419695
55;5.152170
56;5.633993
57;4.706604
58;4.929146
59;4.993935
60;5.298138
61;4.926416
62;5.107346
63;5.005943
64;5.495698
65;5.045200
66;5.282661
67;4.638657
68;5.148946
69;4.291798
70;4.696805
71;5.099203
72;4.668441
73;5.076483
74;5.175631
75;6.243930
76;5.182664
77;5.314317
78;4.475115
79;6.815295
80;4.455574
81;5.961689
82;3.740308
83;3.727868
84;4.821590
85;4.350817
86;4.586732
87;3.917480
88;4.659828
89;4.277103
90;5.568168
91;4.124845
92;5.740584
93;4.354066
94;5.352372
95;8.109059
96;7.906817
97;7.099228
98;7.100854
99;6.829675
100;6.430389
100
1;3.057660
2;6.031307
3;5.445957
4;5.778175
5;5.063962
6;5.168490
7;6.076875
8;5.372732
9;4.371625
10;8.574292
11;3.218847
12;3.616318
13;4.421049
14;3.987319
15;6.820045
16;8.641939
17;7.905464
18;6.983182
19;6.942596
20;6.824035
21;6.311622
22;6.344620
23;6.353396
24;6.328233
25;6.335283
26;5.618159
27;6.437021
28;6.146405
29;5.707389
30;5.877943
31;5.182650
32;4.028365
33;3.869260
34;4.320499
35;4.763821
36;5.798999
37;3.869575
38;4.671505
39;4.428680
40;5.890478
41;4.612667
42;4.697049
43;4.238657
44;5.567490
45;8.258605
46;6.584018
47;3.319875
48;4.821722
49;4.646335
50;4.543362
51;4.358162
52;4.734970
53;5.562301
54;5.128762
55;4.865880
56;5.391988
57;4.588622
58;4.913420
59;4.975935
60;5.301144
61;4.890174
62;5.114973
63;4.975227
64;5.504953
65;5.070473
66;5.292254
67;4.608696
68;5.164549
69;4.288332
70;4.710223
71;5.066822
72;4.677437
73;5.056890
74;5.138009
75;6.223943
76;5.172971
77;5.274026
78;4.477608
79;6.823335
80;4.447145
81;6.004540
82;3.744002
83;3.719700
84;4.813026
85;4.360122
86;4.571666
87;3.898555
88;4.669374
89;4.293503
90;5.553939
91;4.153484
92;5.679510
93;4.315087
94;5.310443
95;8.129375
96;7.889456
97;7.109650
98;7.096566
99;6.826917
100;6.420750
8
&
refseq/entrada01.fa
*
2
5
1;6.989846
2;14.245128
3;12.732651
4;13.776743
5;12.350458
5
1;6.975379
2;14.220483
3;12.843817
4;13.759607
5;12.401891
5
1;6.986292
2;14.212161
3;12.771010
4;13.699464
5;12.389112
5
1;6.975504
2;14.272825
3;12.765334
4;13.781483
5;12.480988
5
1;6.991681
2;14.213378
3;12.737446
4;13.712489
5;12.419341
*
4
5
1;3.593648
2;7.243793
3;6.486033
4;6.944423
5;6.278022
5
1;3.565346
2;7.318837
3;6.506324
4;6.963702
5;6.262625
5
1;3.574275
2;7.282831
3;6.484292
4;6.932259
5;6.281742
5
1;3.612597
2;7.232250
3;6.469401
4;6.928331
5;6.262105
5
1;3.588377
2;7.263485
3;6.476522
4;6.957793
5;6.301813
*
8
5
1;2.915000
2;5.754347
3;5.213732
4;5.522111
5;5.093552
5
1;2.914090
2;5.756197
3;5.209269
4;5.557833
5;5.058466
5
1;2.937015
2;5.731068
3;5.208555
4;5.535716
5;5.056367
5
1;2.937730
2;5.763704
3;5.218645
4;5.554109
5;5.062594
5
1;2.919245
2;5.751330
3;5.222915
4;5.553492
5;5.075684
!
100
1;2.906768
2;5.733623
3;5.195676
4;5.532482
5;5.058546
6;5.169987
7;6.078751
8;5.372321
9;4.383131
10;8.603628
11;3.241648
12;3.597178
13;4.428254
14;3.990673
15;6.810478
16;8.677594
17;7.885396
18;7.003355
19;6.953278
20;6.854466
21;6.289973
22;6.348152
23;6.356692
24;6.325596
25;6.342761
26;5.649466
27;6.447894
28;6.152920
29;5.717550
30;5.889604
31;5.152282
32;4.049061
33;3.904616
34;4.334793
35;4.807357
36;5.797516
37;3.851704
38;4.685608
39;4.408495
40;5.906361
41;4.635511
42;4.801219
43;4.230239
44;5.591649
45;8.266782
46;6.552424
47;3.320655
48;4.832778
49;4.641139
50;4.549112
51;4.370546
52;4.727038
53;5.587149
54;5.151566
55;4.890807
56;5.401766
57;4.614412
58;4.913304
59;4.997991
60;5.311887
61;4.925094
62;5.130098
63;5.013991
64;5.494378
65;5.075870
66;5.274202
67;4.614524
68;5.138941
69;4.306361
70;4.688432
71;5.066887
72;4.659803
73;5.055618
74;5.164095
75;6.241091
76;5.186973
77;5.304262
78;4.483158
79;6.857512
80;4.445585
81;6.000885
82;3.755028
83;3.719213
84;4.825203
85;4.360805
86;4.571777
87;3.927435
88;4.671631
89;4.277321
90;5.578501
91;4.166568
92;5.736754
93;4.323402
94;5.340619
95;8.120041
96;7.915021
97;7.089504
98;7.095069
99;6.817134
100;6.486091
100
1;3.065456
2;5.988353
3;5.449010
4;5.744838
5;5.057254
6;5.184958
7;6.079342
8;5.357684
9;4.380663
10;8.607010
11;3.244920
12;3.598059
13;4.406831
14;3.983548
15;6.802661
16;8.654184
17;7.855872
18;6.991715
19;6.936189
20;6.828413
21;6.297931
22;6.342034
23;6.365734
24;6.326061
25;6.337926
26;5.630817
27;6.448345
28;6.129420
29;5.719221
30;5.893247
31;5.166930
32;4.036586
33;3.878773
34;4.313445
35;4.773073
36;5.776626
37;3.874602
38;4.665843
39;4.436031
40;5.931091
41;4.618492
42;4.689562
43;4.221782
44;5.570128
45;8.241172
46;6.569950
47;3.328492
48;4.793883
49;4.657227
50;4.589702
51;4.380900
52;4.706730
53;5.555684
54;5.131391
55;4.878358
56;5.393226
57;4.615644
58;4.902122
59;4.994656
60;5.289109
61;4.907632
62;5.150771
63;5.033785
64;5.486718
65;5.042782
66;5.282658
67;4.645174
68;5.129940
69;4.323145
70;4.711712
71;5.068194
72;4.629295
73;5.061033
74;5.136406
75;6.216767
76;5.192237
77;5.305821
78;4.494710
79;6.821707
80;4.460775
81;5.992122
82;3.745558
83;3.726275
84;4.820224
85;4.352681
86;4.585853
87;3.911419
88;4.647187
89;4.294814
90;5.561399
91;4.152860
92;5.742519
93;4.332909
94;5.343929
95;8.134645
96;7.905931
97;7.108320
98;7.131410
99;6.839721
100;6.425972
100
1;2.912514
2;5.720349
3;5.224950
4;5.514171
5;5.045334
6;5.196473
7;6.068881
8;5.376947
9;4.392062
10;8.583635
11;3.222017
12;3.606215
13;4.419968
14;3.999555
15;6.789115
16;8.657448
17;7.905940
18;6.967950
19;6.929471
20;6.823934
21;6.297606
22;6.351471
23;6.350072
24;6.320765
25;6.344935
26;5.620848
27;6.455165
28;6.137053
29;5.698683
30;5.890663
31;5.155200
32;4.039049
33;3.876797
34;4.325487
35;4.780746
36;5.808230
37;3.861894
38;4.703030
39;4.439871
40;5.919096
41;4.608549
42;4.688454
43;4.230252
44;5.587249
45;8.256202
46;6.574474
47;3.312936
48;4.782507
49;4.630863
50;4.540333
51;4.360079
52;4.718446
53;5.563917
54;5.144523
55;4.884239
56;5.403586
57;4.607216
58;4.910302
59;4.987637
60;5.296073
61;4.928175
62;5.123775
63;4.997426
64;5.502584
65;5.078302
66;5.276249
67;4.720779
68;5.505493
69;4.318465
70;4.692053
71;5.079274
72;4.674663
73;5.070658
74;5.158624
75;6.222316
76;5.177935
77;5.311690
78;4.473009
79;6.833126
80;4.466987
81;6.012336
82;3.754403
83;3.695786
84;4.825996
85;4.380660
86;4.568300
87;3.905406
88;4.657328
89;4.293712
90;5.554388
91;4.151310
92;5.723016
93;4.366048
94;5.333009
95;8.119956
96;7.885624
97;7.113646
98;7.103407
99;6.823051
100;6.410936
100
1;2.905557
2;5.740478
3;5.180923
4;5.550939
5;5.055044
6;5.168626
7;6.129703
8;5.394375
9;4.396573
10;8.596410
11;3.256921
12;3.638504
13;4.428337
14;3.995418
15;6.837791
16;8.676069
17;7.872064
18;7.011134
19;6.945642
20;6.810338
21;6.311485
22;6.336869
23;6.360273
24;6.310946
25;6.352299
26;5.632582
27;6.464147
28;6.135842
29;5.726826
30;5.919642
31;5.175321
32;4.051608
33;3.894589
34;4.329352
35;4.789345
36;5.807379
37;3.847990
38;4.706396
39;4.444392
40;5.925572
41;4.632764
42;4.689003
43;4.237300
44;5.570226
45;8.228824
46;6.660520
47;3.613836
48;5.200296
49;5.045133
50;4.856213
51;4.355487
52;4.749318
53;5.723540
54;5.419695
55;5.152170
56;5.633993
57;4.706604
58;4.929146
59;4.993935
60;5.298138
61;4.926416
62;5.107346
63;5.005943
64;5.495698
65;5.045200
66;5.282661
67;4.638657
68;5.148946
69;4.291798
70;4.696805
71;5.099203
72;4.668441
73;5.076483
74;5.175631
75;6.243930
76;5.182664
77;5.314317
78;4.475115
79;6.815295
80;4.455574
81;5.961689
82;3.740308
83;3.727868
84;4.821590
85;4.350817
86;4.586732
87;3.917480
88;4.659828
89;4.277103
90;5.568168
91;4.124845
92;5.740584
93;4.354066
94;5.352372
95;8.109059
96;7.906817
97;7.099228
98;7.100854
99;6.829675
100;6.430389
100
1;3.057660
2;6.031307
3;5.445957
4;5.778175
5;5.063962
6;5.168490
7;6.076875
8;5.372732
9;4.371625
10;8.574292
11;3.218847
12;3.616318
13;4.421049
14;3.987319
15;6.820045
16;8.641939
17;7.905464
18;6.983182
19;6.942596
20;6.824035
21;6.311622
22;6.344620
23;6.353396
24;6.328233
25;6.335283
26;5.618159
27;6.437021
28;6.146405
29;5.707389
30;5.877943
31;5.182650
32;4.028365
33;3.869260
34;4.320499
35;4.763821
36;5.798999
37;3.869575
38;4.671505
39;4.428680
40;5.890478
41;4.612667
42;4.697049
43;4.238657
44;5.567490
45;8.258605
46;6.584018
47;3.319875
48;4.821722
49;4.646335
50;4.543362
51;4.358162
52;4.734970
53;5.562301
54;5.128762
55;4.865880
56;5.391988
57;4.588622
58;4.913420
59;4.975935
60;5.301144
61;4.890174
62;5.114973
63;4.975227
64;5.504953
65;5.070473
66;5.292254
67;4.608696
68;5.164549
69;4.288332
70;4.710223
71;5.066822
72;4.677437
73;5.056890
74;5.138009
75;6.223943
76;5.172971
77;5.274026
78;4.477608
79;6.823335
80;4.447145
81;6.004540
82;3.744002
83;3.719700
84;4.813026
85;4.360122
86;4.571666
87;3.898555
88;4.669374
89;4.293503
90;5.553939
91;4.153484
92;5.679510
93;4.315087
94;5.310443
95;8.129375
96;7.889456
97;7.109650
98;7.096566
99;6.826917
100;6.420750
