16
&
refseq/entrada00.fa
*
2
5
1;7.204485
2;14.734976
3;13.233317
4;14.067501
5;12.702665
5
1;7.131722
2;14.654308
3;13.112796
4;14.100006
5;12.786417
5
1;7.208141
2;14.730163
3;13.121286
4;14.044882
5;12.873528
5
1;7.107246
2;14.609454
3;13.157334
4;14.041261
5;12.730300
5
1;7.166167
2;14.865738
3;13.156952
4;13.993213
5;12.769299
*
4
5
1;3.571649
2;7.281348
3;6.498389
4;6.960175
5;6.295873
5
1;3.573574
2;7.277491
3;6.504396
4;6.955608
5;6.281896
5
1;3.595853
2;7.332835
3;6.926477
4;6.991020
5;6.348598
5
1;3.600316
2;7.270624
3;6.525643
4;6.969374
5;6.285393
5
1;3.604937
2;7.265987
3;6.513662
4;6.954775
5;6.278092
*
8
5
1;1.855746
2;3.702898
3;3.348633
4;3.551765
5;3.197927
5
1;1.853837
2;3.702738
3;3.337176
4;3.570461
5;3.228522
5
1;1.853845
2;3.683300
3;3.314342
4;3.553904
5;3.226432
5
1;1.867603
2;3.697550
3;3.326609
4;3.542674
5;3.208467
5
1;1.843453
2;3.703433
3;3.316649
4;3.553964
5;3.208735
*
16
5
1;1.520193
2;2.901676
3;2.646656
4;2.817108
5;2.554464
5
1;1.523739
2;2.902476
3;2.635474
4;2.813564
5;2.563560
5
1;1.517317
2;2.892529
3;2.648130
4;2.799618
5;2.580610
5
1;1.514443
2;2.911043
3;2.640508
4;2.791303
5;2.567228
5
1;1.516691
2;2.901852
3;2.648049
4;2.799728
5;2.568592
!
100
1;1.512782
2;2.897918
3;2.640922
4;2.795641
5;2.604754
6;2.627636
7;3.073811
8;2.703230
9;2.217639
10;4.360398
11;1.657807
12;1.854114
13;2.257145
14;2.052324
15;3.464593
16;5.305878
17;4.879888
18;4.293471
19;4.259712
20;4.177925
21;3.880759
22;3.897116
23;3.890728
24;3.853865
25;3.894624
26;3.444743
27;3.937113
28;3.758645
29;3.497669
30;3.626831
31;2.664256
32;2.059594
33;1.969522
34;2.211674
35;2.416918
36;2.936873
37;1.973139
38;2.379071
39;2.245089
40;2.983161
41;2.347010
42;2.383929
43;2.170630
44;2.881706
45;5.025332
46;3.979169
47;1.710103
48;2.458785
49;2.419324
50;2.310226
51;2.213262
52;2.422708
53;2.807532
54;2.607228
55;2.490801
56;2.734413
57;2.358313
58;2.534773
59;2.533673
60;2.693440
61;2.505387
62;2.578090
63;2.526127
64;2.780746
65;2.569413
66;2.682081
67;2.354328
68;2.603111
69;2.186649
70;2.382966
71;2.564739
72;2.365966
73;2.577751
74;2.601273
75;3.148731
76;2.610914
77;2.671201
78;2.274465
79;3.469114
80;2.255846
81;3.017767
82;1.901532
83;1.898433
84;2.447342
85;2.214261
86;2.327508
87;1.997985
88;2.369800
89;2.184930
90;2.817170
91;2.098111
92;2.907328
93;2.219284
94;2.715737
95;4.990694
96;4.852824
97;4.377342
98;4.371853
99;4.165122
100;3.910217
100
1;1.506888
2;2.904176
3;2.646392
4;2.814452
5;2.561741
6;2.622381
7;3.078293
8;2.716066
9;2.217355
10;4.331670
11;1.650384
12;1.843019
13;2.261971
14;2.054561
15;3.451679
16;5.329535
17;4.849361
18;4.283637
19;4.290699
20;4.180373
21;3.862561
22;3.882585
23;3.882546
24;3.862697
25;3.874028
26;3.438314
27;3.936605
28;3.752294
29;3.496125
30;3.605812
31;2.667698
32;2.056146
33;1.971270
34;2.188747
35;2.416157
36;2.940211
37;1.979448
38;2.380865
39;2.245624
40;2.998525
41;2.353724
42;2.394506
43;2.147677
44;2.881195
45;5.052663
46;4.000859
47;1.702231
48;2.463839
49;2.416724
50;2.300105
51;2.222025
52;2.403521
53;2.815564
54;2.618002
55;2.491634
56;2.746529
57;2.346142
58;2.534507
59;2.544770
60;2.687271
61;2.501928
62;2.588467
63;2.539313
64;2.795593
65;2.575072
66;2.672657
67;2.343902
68;2.595242
69;2.191047
70;2.379315
71;2.592530
72;2.352424
73;2.562669
74;2.615105
75;3.152586
76;2.632260
77;2.651226
78;2.257764
79;3.450053
80;2.262272
81;3.015100
82;1.910362
83;1.895595
84;2.441774
85;2.221146
86;2.332298
87;1.993617
88;2.375430
89;2.183614
90;2.829601
91;2.098222
92;2.922029
93;2.215507
94;2.710790
95;5.005560
96;4.860521
97;4.354463
98;4.345062
99;4.178062
100;3.935329
100
1;1.529094
2;2.902560
3;2.644864
4;2.805975
5;2.557268
6;2.616492
7;3.091400
8;2.694128
9;2.212298
10;4.334081
11;1.656741
12;1.849483
13;2.251484
14;2.034832
15;3.451352
16;5.299485
17;4.845612
18;4.316531
19;4.262972
20;4.189378
21;3.860638
22;3.882249
23;3.877617
24;3.865220
25;3.864266
26;3.427164
27;3.948173
28;3.745075
29;3.532065
30;3.586620
31;2.659537
32;2.042180
33;1.977723
34;2.195936
35;2.412348
36;2.919015
37;1.963066
38;2.377700
39;2.241071
40;2.979433
41;2.348372
42;2.373170
43;2.150285
44;2.875725
45;5.017107
46;4.000704
47;1.700610
48;2.453964
49;2.413672
50;2.298929
51;2.220282
52;2.407506
53;2.817772
54;2.617438
55;2.484116
56;2.731519
57;2.347160
58;2.528222
59;2.539141
60;2.685469
61;2.502608
62;2.588187
63;2.532593
64;2.777583
65;2.561926
66;2.687036
67;2.362624
68;2.600332
69;2.187415
70;2.391981
71;2.578060
72;2.358683
73;2.568893
74;2.603472
75;3.149668
76;2.624461
77;2.680034
78;2.264707
79;3.460579
80;2.272544
81;3.007547
82;1.917409
83;1.891523
84;2.434654
85;2.223419
86;2.339939
87;1.994183
88;2.369752
89;2.211057
90;2.803699
91;2.098462
92;2.886206
93;2.218999
94;2.716056
95;4.946187
96;4.849963
97;4.343961
98;4.351902
99;4.197054
100;3.900597
100
1;1.522848
2;2.888175
3;2.636493
4;2.806076
5;2.553812
6;2.632343
7;3.095430
8;2.729770
9;2.206303
10;4.343366
11;1.634276
12;1.848930
13;2.248687
14;2.042962
15;3.460874
16;5.314094
17;4.842570
18;4.328650
19;4.265756
20;4.186761
21;3.882795
22;3.920096
23;3.895401
24;3.850833
25;3.866621
26;3.429392
27;3.976290
28;3.753488
29;3.499537
30;3.603065
31;2.695976
32;2.042567
33;1.982561
34;2.213956
35;2.419060
36;2.934658
37;1.971378
38;2.389131
39;2.252340
40;2.994883
41;2.349441
42;2.381865
43;2.167714
44;2.884353
45;5.041638
46;4.001879
47;1.696562
48;2.460921
49;2.400058
50;2.296648
51;2.226307
52;2.403032
53;2.805390
54;2.596600
55;2.497202
56;2.731838
57;2.350460
58;2.534328
59;2.518746
60;2.687987
61;2.506232
62;2.599193
63;2.533139
64;2.798257
65;2.558544
66;2.684303
67;2.368894
68;2.604964
69;2.199615
70;2.417804
71;2.576234
72;2.380571
73;2.580197
74;2.617058
75;3.141419
76;2.623613
77;2.679538
78;2.269217
79;3.479530
80;2.274200
81;3.021000
82;1.925674
83;1.902693
84;2.434216
85;2.220802
86;2.319349
87;1.990992
88;2.373871
89;2.181996
90;2.806833
91;2.094736
92;2.884608
93;2.217432
94;2.711652
95;4.968117
96;4.822654
97;4.334476
98;4.352087
99;4.204474
100;3.913243
100
1;1.518834
2;2.900355
3;2.639487
4;2.789879
5;2.555060
6;2.630349
7;3.092534
8;2.718141
9;2.200956
10;4.368046
11;1.647535
12;1.835216
13;2.232802
14;2.055395
15;3.453056
16;5.324914
17;4.855179
18;4.295816
19;4.262767
20;4.189445
21;3.854415
22;3.881307
23;3.903393
24;3.867245
25;3.872422
26;3.432695
27;3.943948
28;3.747634
29;3.515680
30;3.615399
31;2.669703
32;2.048498
33;1.981205
34;2.214614
35;2.425041
36;2.946540
37;1.950020
38;2.380865
39;2.249116
40;2.970712
41;2.345496
42;2.388842
43;2.145662
44;2.887058
45;5.026866
46;3.991774
47;1.702515
48;2.458608
49;2.418105
50;2.322856
51;2.217443
52;2.413088
53;2.807913
54;2.617078
55;2.481337
56;2.729670
57;2.352504
58;2.533262
59;2.547860
60;2.673968
61;2.487271
62;2.589099
63;2.528447
64;2.793467
65;2.563385
66;2.663570
67;2.344725
68;2.595357
69;2.176659
70;2.407455
71;2.568310
72;2.371103
73;2.550585
74;2.591611
75;3.143425
76;2.629373
77;2.662831
78;2.269451
79;3.464096
80;2.265583
81;3.018707
82;1.896500
83;1.891929
84;2.437361
85;2.204598
86;2.334066
87;1.986053
88;2.385739
89;2.193945
90;2.814267
91;2.095336
92;2.924503
93;2.197151
94;2.703709
95;4.989001
96;4.826663
97;4.365861
98;4.349780
99;4.163201
100;3.944841
&
refseq/entrada01.fa
*
2
5
1;7.204485
2;14.734976
3;13.233317
4;14.067501
5;12.702665
5
1;7.131722
2;14.654308
3;13.112796
4;14.100006
5;12.786417
5
1;7.208141
2;14.730163
3;13.121286
4;14.044882
5;12.873528
5
1;7.107246
2;14.609454
3;13.157334
4;14.041261
5;12.730300
5
1;7.166167
2;14.865738
3;13.156952
4;13.993213
5;12.769299
*
4
5
1;3.571649
2;7.281348
3;6.498389
4;6.960175
5;6.295873
5
1;3.573574
2;7.277491
3;6.504396
4;6.955608
5;6.281896
5
1;3.595853
2;7.332835
3;6.926477
4;6.991020
5;6.348598
5
1;3.600316
2;7.270624
3;6.525643
4;6.969374
5;6.285393
5
1;3.604937
2;7.265987
3;6.513662
4;6.954775
5;6.278092
*
8
5
1;1.855746
2;3.702898
3;3.348633
4;3.551765
5;3.197927
5
1;1.853837
2;3.702738
3;3.337176
4;3.570461
5;3.228522
5
1;1.853845
2;3.683300
3;3.314342
4;3.553904
5;3.226432
5
1;1.867603
2;3.697550
3;3.326609
4;3.542674
5;3.208467
5
1;1.843453
2;3.703433
3;3.316649
4;3.553964
5;3.208735
*
16
5
1;1.520193
2;2.901676
3;2.646656
4;2.817108
5;2.554464
5
1;1.523739
2;2.902476
3;2.635474
4;2.813564
5;2.563560
5
1;1.517317
2;2.892529
3;2.648130
4;2.799618
5;2.580610
5
1;1.514443
2;2.911043
3;2.640508
4;2.791303
5;2.567228
5
1;1.516691
2;2.901852
3;2.648049
4;2.799728
5;2.568592
!
100
1;1.512782
2;2.897918
3;2.640922
4;2.795641
5;2.604754
6;2.627636
7;3.073811
8;2.703230
9;2.217639
10;4.360398
11;1.657807
12;1.854114
13;2.257145
14;2.052324
15;3.464593
16;5.305878
17;4.879888
18;4.293471
19;4.259712
20;4.177925
21;3.880759
22;3.897116
23;3.890728
24;3.853865
25;3.894624
26;3.444743
27;3.937113
28;3.758645
29;3.497669
30;3.626831
31;2.664256
32;2.059594
33;1.969522
34;2.211674
35;2.416918
36;2.936873
37;1.973139
38;2.379071
39;2.245089
40;2.983161
41;2.347010
42;2.383929
43;2.170630
44;2.881706
45;5.025332
46;3.979169
47;1.710103
48;2.458785
49;2.419324
50;2.310226
51;2.213262
52;2.422708
53;2.807532
54;2.607228
55;2.490801
56;2.734413
57;2.358313
58;2.534773
59;2.533673
60;2.693440
61;2.505387
62;2.578090
63;2.526127
64;2.780746
65;2.569413
66;2.682081
67;2.354328
68;2.603111
69;2.186649
70;2.382966
71;2.564739
72;2.365966
73;2.577751
74;2.601273
75;3.148731
76;2.610914
77;2.671201
78;2.274465
79;3.469114
80;2.255846
81;3.017767
82;1.901532
83;1.898433
84;2.447342
85;2.214261
86;2.327508
87;1.997985
88;2.369800
89;2.184930
90;2.817170
91;2.098111
92;2.907328
93;2.219284
94;2.715737
95;4.990694
96;4.852824
97;4.377342
98;4.371853
99;4.165122
100;3.910217
100
1;1.506888
2;2.904176
3;2.646392
4;2.814452
5;2.561741
6;2.622381
7;3.078293
8;2.716066
9;2.217355
10;4.331670
11;1.650384
12;1.843019
13;2.261971
14;2.054561
15;3.451679
16;5.329535
17;4.849361
18;4.283637
19;4.290699
20;4.180373
21;3.862561
22;3.882585
23;3.882546
24;3.862697
25;3.874028
26;3.438314
27;3.936605
28;3.752294
29;3.496125
30;3.605812
31;2.667698
32;2.056146
33;1.971270
34;2.188747
35;2.416157
36;2.940211
37;1.979448
38;2.380865
39;2.245624
40;2.998525
41;2.353724
42;2.394506
43;2.147677
44;2.881195
45;5.052663
46;4.000859
47;1.702231
48;2.463839
49;2.416724
50;2.300105
51;2.222025
52;2.403521
53;2.815564
54;2.618002
55;2.491634
56;2.746529
57;2.346142
58;2.534507
59;2.544770
60;2.687271
61;2.501928
62;2.588467
63;2.539313
64;2.795593
65;2.575072
66;2.672657
67;2.343902
68;2.595242
69;2.191047
70;2.379315
71;2.592530
72;2.352424
73;2.562669
74;2.615105
75;3.152586
76;2.632260
77;2.651226
78;2.257764
79;3.450053
80;2.262272
81;3.015100
82;1.910362
83;1.895595
84;2.441774
85;2.221146
86;2.332298
87;1.993617
88;2.375430
89;2.183614
90;2.829601
91;2.098222
92;2.922029
93;2.215507
94;2.710790
95;5.005560
96;4.860521
97;4.354463
98;4.345062
99;4.178062
100;3.935329
100
1;1.529094
2;2.902560
3;2.644864
4;2.805975
5;2.557268
6;2.616492
7;3.091400
8;2.694128
9;2.212298
10;4.334081
11;1.656741
12;1.849483
13;2.251484
14;2.034832
15;3.451352
16;5.299485
17;4.845612
18;4.316531
19;4.262972
20;4.189378
21;3.860638
22;3.882249
23;3.877617
24;3.865220
25;3.864266
26;3.427164
27;3.948173
28;3.745075
29;3.532065
30;3.586620
31;2.659537
32;2.042180
33;1.977723
34;2.195936
35;2.412348
36;2.919015
37;1.963066
38;2.377700
39;2.241071
40;2.979433
41;2.348372
42;2.373170
43;2.150285
44;2.875725
45;5.017107
46;4.000704
47;1.700610
48;2.453964
49;2.413672
50;2.298929
51;2.220282
52;2.407506
53;2.817772
54;2.617438
55;2.484116
56;2.731519
57;2.347160
58;2.528222
59;2.539141
60;2.685469
61;2.502608
62;2.588187
63;2.532593
64;2.777583
65;2.561926
66;2.687036
67;2.362624
68;2.600332
69;2.187415
70;2.391981
71;2.578060
72;2.358683
73;2.568893
74;2.603472
75;3.149668
76;2.624461
77;2.680034
78;2.264707
79;3.460579
80;2.272544
81;3.007547
82;1.917409
83;1.891523
84;2.434654
85;2.223419
86;2.339939
87;1.994183
88;2.369752
89;2.211057
90;2.803699
91;2.098462
92;2.886206
93;2.218999
94;2.716056
95;4.946187
96;4.849963
97;4.343961
98;4.351902
99;4.197054
100;3.900597
100
1;1.522848
2;2.888175
3;2.636493
4;2.806076
5;2.553812
6;2.632343
7;3.095430
8;2.729770
9;2.206303
10;4.343366
11;1.634276
12;1.848930
13;2.248687
14;2.042962
15;3.460874
16;5.314094
17;4.842570
18;4.328650
19;4.265756
20;4.186761
21;3.882795
22;3.920096
23;3.895401
24;3.850833
25;3.866621
26;3.429392
27;3.976290
28;3.753488
29;3.499537
30;3.603065
31;2.695976
32;2.042567
33;1.982561
34;2.213956
35;2.419060
36;2.934658
37;1.971378
38;2.389131
39;2.252340
40;2.994883
41;2.349441
42;2.381865
43;2.167714
44;2.884353
45;5.041638
46;4.001879
47;1.696562
48;2.460921
49;2.400058
50;2.296648
51;2.226307
52;2.403032
53;2.805390
54;2.596600
55;2.497202
56;2.731838
57;2.350460
58;2.534328
59;2.518746
60;2.687987
61;2.506232
62;2.599193
63;2.533139
64;2.798257
65;2.558544
66;2.684303
67;2.368894
68;2.604964
69;2.199615
70;2.417804
71;2.576234
72;2.380571
73;2.580197
74;2.617058
75;3.141419
76;2.623613
77;2.679538
78;2.269217
79;3.479530
80;2.274200
81;3.021000
82;1.925674
83;1.902693
84;2.434216
85;2.220802
86;2.319349
87;1.990992
88;2.373871
89;2.181996
90;2.806833
91;2.094736
92;2.884608
93;2.217432
94;2.711652
95;4.968117
96;4.822654
97;4.334476
98;4.352087
99;4.204474
100;3.913243
100
1;1.518834
2;2.900355
3;2.639487
4;2.789879
5;2.555060
6;2.630349
7;3.092534
8;2.718141
9;2.200956
10;4.368046
11;1.647535
12;1.835216
13;2.232802
14;2.055395
15;3.453056
16;5.324914
17;4.855179
18;4.295816
19;4.262767
20;4.189445
21;3.854415
22;3.881307
23;3.903393
24;3.867245
25;3.872422
26;3.432695
27;3.943948
28;3.747634
29;3.515680
30;3.615399
31;2.669703
32;2.048498
33;1.981205
34;2.214614
35;2.425041
36;2.946540
37;1.950020
38;2.380865
39;2.249116
40;2.970712
41;2.345496
42;2.388842
43;2.145662
44;2.887058
45;5.026866
46;3.991774
47;1.702515
48;2.458608
49;2.418105
50;2.322856
51;2.217443
52;2.413088
53;2.807913
54;2.617078
55;2.481337
56;2.729670
57;2.352504
58;2.533262
59;2.547860
60;2.673968
61;2.487271
62;2.589099
63;2.528447
64;2.793467
65;2.563385
66;2.663570
67;2.344725
68;2.595357
69;2.176659
70;2.407455
71;2.568310
72;2.371103
73;2.550585
74;2.591611
75;3.143425
76;2.629373
77;2.662831
78;2.269451
79;3.464096
80;2.265583
81;3.018707
82;1.896500
83;1.891929
84;2.437361
85;2.204598
86;2.334066
87;1.986053
88;2.385739
89;2.193945
90;2.814267
91;2.095336
92;2.924503
93;2.197151
94;2.703709
95;4.989001
96;4.826663
97;4.365861
98;4.349780
99;4.163201
100;3.944841
